<?xml version="1.0" encoding="UTF-8"?>
<!-- Generated by org.testng.reporters.JUnitReportReporter -->
<testsuite skipped="0" hostname="Aparna-PC" name="com.testng.execution.WebRunner" tests="1" failures="0" timestamp="05 Jan 2018 19:03:37 GMT" time="317.647" errors="0">
  <testcase name="Register" time="317.647" classname="com.testng.execution.WebRunner"/>
</testsuite> <!-- com.testng.execution.WebRunner -->
